<?xml version="1.0" encoding="UTF-8"?>
<!-- Generated by org.testng.reporters.JUnitXMLReporter -->
<testsuite ignored="0" hostname="DESKTOP-4353LNE" failures="1" tests="4" name="Test" time="8.313" errors="0" timestamp="2023-04-06T12:52:48 IST">
  <testcase classname="test_class.Get_tc1" name="orchestrator" time="3.096">
    <failure type="java.lang.AssertionError" message="expected [michael.lawson@reqres.in] but found [null]">
      <![CDATA[java.lang.AssertionError: expected [michael.lawson@reqres.in] but found [null]
at test_class.Get_tc1.response_bodyvalidator(Get_tc1.java:84)
at test_class.Get_tc1.orchestrator(Get_tc1.java:35)
at java.base/java.util.ArrayList.forEach(ArrayList.java:1511)
... Removed 33 stack frames]]>
    </failure>
  </testcase> <!-- orchestrator -->
  <testcase classname="test_class.Patch_tc1" name="orchestrator" time="2.17"/>
  <testcase classname="test_class.Post_tc1" name="orchestrator" time="1.439"/>
  <testcase classname="test_class.Put_tc1" name="orchestrator" time="1.413"/>
</testsuite> <!-- Test -->
