<?xml version="1.0" encoding="UTF-8"?>
<!-- Generated by org.testng.reporters.JUnitXMLReporter -->
<testsuite ignored="0" hostname="DESKTOP-4353LNE" failures="0" tests="3" name="Test" time="9.873" errors="0" timestamp="2023-04-05T08:39:16 IST">
  <testcase classname="test_class.Post_tc1" name="orchestrator" time="6.753"/>
  <testcase classname="test_class.Put_tc1" name="orchestrator" time="1.444"/>
  <testcase classname="test_class.Patch_tc1" name="orchestrator" time="1.388"/>
</testsuite> <!-- Test -->
