<?xml version="1.0" encoding="UTF-8"?>
<testng-results ignored="0" total="3" passed="3" failed="0" skipped="0">
  <reporter-output>
  </reporter-output>
  <suite started-at="2023-04-05T08:39:06 IST" name="Suite" finished-at="2023-04-05T08:39:16 IST" duration-ms="9873">
    <groups>
    </groups>
    <test started-at="2023-04-05T08:39:06 IST" name="Test" finished-at="2023-04-05T08:39:16 IST" duration-ms="9873">
      <class name="test_class.Put_tc1">
        <test-method signature="orchestrator()[pri:0, instance:test_class.Put_tc1@56c4278e]" started-at="2023-04-05T08:39:13 IST" name="orchestrator" finished-at="2023-04-05T08:39:15 IST" duration-ms="1444" status="PASS">
          <reporter-output>
          </reporter-output>
        </test-method> <!-- orchestrator -->
      </class> <!-- test_class.Put_tc1 -->
      <class name="test_class.Post_tc1">
        <test-method signature="orchestrator()[pri:0, instance:test_class.Post_tc1@20435c40]" started-at="2023-04-05T08:39:06 IST" name="orchestrator" finished-at="2023-04-05T08:39:13 IST" duration-ms="6753" status="PASS">
          <reporter-output>
          </reporter-output>
        </test-method> <!-- orchestrator -->
      </class> <!-- test_class.Post_tc1 -->
      <class name="test_class.Patch_tc1">
        <test-method signature="orchestrator()[pri:0, instance:test_class.Patch_tc1@301eda63]" started-at="2023-04-05T08:39:15 IST" name="orchestrator" finished-at="2023-04-05T08:39:16 IST" duration-ms="1388" status="PASS">
          <reporter-output>
          </reporter-output>
        </test-method> <!-- orchestrator -->
      </class> <!-- test_class.Patch_tc1 -->
    </test> <!-- Test -->
  </suite> <!-- Suite -->
</testng-results>
